<?xml version="1.0" encoding="utf-8"?><testsuites name="pytest tests"><testsuite name="pytest" errors="0" failures="0" skipped="0" tests="5" time="1.096" timestamp="2026-03-27T17:51:56.122009+00:00" hostname="agent-env-e1939b30-6580-4069-bcd3-0e6aec052756"><testcase classname="backend.tests.test_mahquantum.TestHealth" name="test_api_root" time="0.224" /><testcase classname="backend.tests.test_mahquantum.TestContact" name="test_post_contact" time="0.164" /><testcase classname="backend.tests.test_mahquantum.TestContact" name="test_get_contacts" time="0.102" /><testcase classname="backend.tests.test_mahquantum.TestContact" name="test_contact_missing_fields" time="0.159" /><testcase classname="backend.tests.test_mahquantum.TestContact" name="test_status_post_and_get" time="0.303" /></testsuite></testsuites>